<?xml version="1.0" encoding="UTF-8"?>
<testng-results ignored="0" total="1" passed="1" failed="0" skipped="0">
  <reporter-output>
  </reporter-output>
  <suite started-at="2022-07-31T18:46:48 EDT" name="Default suite" finished-at="2022-07-31T18:46:53 EDT" duration-ms="4802">
    <groups>
    </groups>
    <test started-at="2022-07-31T18:46:48 EDT" name="Default test" finished-at="2022-07-31T18:46:53 EDT" duration-ms="4802">
      <class name="automation.TestNG">
        <test-method signature="checkingfirst()[pri:0, instance:automation.TestNG@74751b3]" started-at="2022-07-31T18:46:48 EDT" name="checkingfirst" finished-at="2022-07-31T18:46:53 EDT" duration-ms="4739" status="PASS">
          <reporter-output>
          </reporter-output>
        </test-method> <!-- checkingfirst -->
      </class> <!-- automation.TestNG -->
    </test> <!-- Default test -->
  </suite> <!-- Default suite -->
</testng-results>
